<?xml version="1.0" encoding="UTF-8"?>
<testng-results ignored="0" total="3" passed="3" failed="0" skipped="0">
  <reporter-output>
  </reporter-output>
  <suite started-at="2023-09-18T14:48:25 IST" name="All Test Suite" finished-at="2023-09-18T14:49:11 IST" duration-ms="45671">
    <groups>
    </groups>
    <test started-at="2023-09-18T14:48:25 IST" name="C:/Edubridge java/JioMartFramework" finished-at="2023-09-18T14:49:11 IST" duration-ms="45671">
      <class name="testclasses.SearchTest">
        <test-method is-config="true" signature="beforeMethod()[pri:0, instance:testclasses.SearchTest@7f1302d6]" started-at="2023-09-18T14:48:43 IST" name="beforeMethod" finished-at="2023-09-18T14:48:52 IST" duration-ms="8410" status="PASS">
          <reporter-output>
          </reporter-output>
        </test-method> <!-- beforeMethod -->
        <test-method signature="verifyAddCart()[pri:0, instance:testclasses.SearchTest@7f1302d6]" started-at="2023-09-18T14:48:52 IST" name="verifyAddCart" finished-at="2023-09-18T14:48:59 IST" duration-ms="7234" status="PASS">
          <reporter-output>
          </reporter-output>
        </test-method> <!-- verifyAddCart -->
        <test-method is-config="true" signature="driverClose()[pri:0, instance:testclasses.SearchTest@7f1302d6]" started-at="2023-09-18T14:48:59 IST" name="driverClose" finished-at="2023-09-18T14:48:59 IST" duration-ms="493" status="PASS">
          <reporter-output>
          </reporter-output>
        </test-method> <!-- driverClose -->
      </class> <!-- testclasses.SearchTest -->
      <class name="testclasses.ElectronicsTest">
        <test-method is-config="true" signature="beforeMethod()[pri:0, instance:testclasses.ElectronicsTest@43ee72e6]" started-at="2023-09-18T14:48:59 IST" name="beforeMethod" finished-at="2023-09-18T14:49:08 IST" duration-ms="8189" status="PASS">
          <reporter-output>
          </reporter-output>
        </test-method> <!-- beforeMethod -->
        <test-method signature="clickOnElectronics()[pri:0, instance:testclasses.ElectronicsTest@43ee72e6]" started-at="2023-09-18T14:49:08 IST" name="clickOnElectronics" finished-at="2023-09-18T14:49:10 IST" duration-ms="2900" status="PASS">
          <reporter-output>
          </reporter-output>
        </test-method> <!-- clickOnElectronics -->
        <test-method is-config="true" signature="driverClose()[pri:0, instance:testclasses.ElectronicsTest@43ee72e6]" started-at="2023-09-18T14:49:10 IST" name="driverClose" finished-at="2023-09-18T14:49:11 IST" duration-ms="603" status="PASS">
          <reporter-output>
          </reporter-output>
        </test-method> <!-- driverClose -->
      </class> <!-- testclasses.ElectronicsTest -->
      <class name="testclasses.GroceriesTest">
        <test-method is-config="true" signature="beforeMethod()[pri:0, instance:testclasses.GroceriesTest@11dc3715]" started-at="2023-09-18T14:48:25 IST" name="beforeMethod" finished-at="2023-09-18T14:48:36 IST" duration-ms="10622" status="PASS">
          <reporter-output>
          </reporter-output>
        </test-method> <!-- beforeMethod -->
        <test-method signature="clickOnGroceries()[pri:0, instance:testclasses.GroceriesTest@11dc3715]" started-at="2023-09-18T14:48:36 IST" name="clickOnGroceries" finished-at="2023-09-18T14:48:43 IST" duration-ms="6514" status="PASS">
          <reporter-output>
          </reporter-output>
        </test-method> <!-- clickOnGroceries -->
        <test-method is-config="true" signature="driverClose()[pri:0, instance:testclasses.GroceriesTest@11dc3715]" started-at="2023-09-18T14:48:43 IST" name="driverClose" finished-at="2023-09-18T14:48:43 IST" duration-ms="663" status="PASS">
          <reporter-output>
          </reporter-output>
        </test-method> <!-- driverClose -->
      </class> <!-- testclasses.GroceriesTest -->
    </test> <!-- C:/Edubridge java/JioMartFramework -->
  </suite> <!-- All Test Suite -->
</testng-results>
